[ 2025-11-07 13:02:27,783 ] 27 root - INFO -  Starting Data Ingestion Process  
[ 2025-11-07 13:02:27,783 ] 35 root - INFO - Reading dataset from: C:\Users\giris\OneDrive\Documents\User-Churn-Prediction-System\notebooks\data\Telco-Customer-Churn.csv
[ 2025-11-07 13:02:27,812 ] 38 root - INFO - Data successfully loaded into DataFrame
[ 2025-11-07 13:02:27,812 ] 41 root - INFO - Dataset shape: (7043, 21)
[ 2025-11-07 13:02:27,812 ] 42 root - INFO - Columns: ['customerID', 'gender', 'SeniorCitizen', 'Partner', 'Dependents', 'tenure', 'PhoneService', 'MultipleLines', 'InternetService', 'OnlineSecurity', 'OnlineBackup', 'DeviceProtection', 'TechSupport', 'StreamingTV', 'StreamingMovies', 'Contract', 'PaperlessBilling', 'PaymentMethod', 'MonthlyCharges', 'TotalCharges', 'Churn']
[ 2025-11-07 13:02:27,894 ] 53 root - INFO - Raw data saved at: artifacts\raw_data.csv
[ 2025-11-07 13:02:27,894 ] 56 root - INFO - Initiating train-test split...
[ 2025-11-07 13:02:27,940 ] 61 root - INFO -  Train and test data saved successfully
[ 2025-11-07 13:02:27,940 ] 63 root - INFO -  Data Ingestion Completed Successfully  
[ 2025-11-07 13:02:27,942 ] 16 root - INFO - Starting the Data Transformation process
[ 2025-11-07 13:02:28,072 ] 21 root - INFO - Train and Test data loaded successfully
[ 2025-11-07 13:02:28,077 ] 35 root - INFO - Categorical Columns: ['customerID', 'gender', 'Partner', 'Dependents', 'PhoneService', 'MultipleLines', 'InternetService', 'OnlineSecurity', 'OnlineBackup', 'DeviceProtection', 'TechSupport', 'StreamingTV', 'StreamingMovies', 'Contract', 'PaperlessBilling', 'PaymentMethod', 'TotalCharges']
[ 2025-11-07 13:02:28,077 ] 36 root - INFO - Numerical Columns: ['SeniorCitizen', 'tenure', 'MonthlyCharges']
[ 2025-11-07 13:02:28,984 ] 15 root - INFO - \u2705 Object saved successfully at artifacts\preprocessor.pkl
[ 2025-11-07 13:02:28,985 ] 53 root - INFO - Preprocessor saved at artifacts\preprocessor.pkl
[ 2025-11-07 13:02:28,985 ] 55 root - INFO - Data Transformation completed successfully
[ 2025-11-07 13:02:28,986 ] 28 root - INFO - Model Training Started
[ 2025-11-07 13:02:29,249 ] 37 root - INFO - \U0001f680 Training and evaluating model: Logistic Regression
[ 2025-11-07 13:02:35,148 ] 66 root - INFO - \u2705 Logistic Regression \u2192 F1: 0.6444 | Acc: 0.8261
[ 2025-11-07 13:02:35,148 ] 37 root - INFO - \U0001f680 Training and evaluating model: Decision Tree
[ 2025-11-07 13:02:39,714 ] 66 root - INFO - \u2705 Decision Tree \u2192 F1: 0.5296 | Acc: 0.7743
[ 2025-11-07 13:02:39,714 ] 37 root - INFO - \U0001f680 Training and evaluating model: Random Forest
[ 2025-11-07 13:03:03,773 ] 66 root - INFO - \u2705 Random Forest \u2192 F1: 0.5437 | Acc: 0.7963
[ 2025-11-07 13:03:03,773 ] 37 root - INFO - \U0001f680 Training and evaluating model: Gradient Boosting
[ 2025-11-07 13:15:35,091 ] 66 root - INFO - \u2705 Gradient Boosting \u2192 F1: 0.5957 | Acc: 0.8141
[ 2025-11-07 13:15:35,092 ] 46 root - INFO - Base Best Model: Logistic Regression | F1: 0.6444
[ 2025-11-07 13:16:07,753 ] 81 root - INFO - Best Params for Logistic Regression: {'C': 0.1, 'solver': 'liblinear'}
[ 2025-11-07 13:16:07,826 ] 15 root - INFO - \u2705 Object saved successfully at artifacts\model.pkl
[ 2025-11-07 13:16:07,826 ] 96 root - INFO - Tuned model saved at: artifacts\model.pkl
[ 2025-11-07 13:16:07,826 ] 98 root - INFO - Final Tuned Model: Logistic Regression | F1: 0.6366
